2024-06-07 13:07:56 [info]: Buscando artigos para a consulta: machine learning
2024-06-07 13:08:06 [info]: Buscando artigos para a consulta: deep learning
2024-06-07 13:08:15 [info]: Buscando artigos para a consulta: artificial intelligence
2024-06-07 13:08:22 [info]: Dados salvos em articles.json
2024-06-07 13:08:22 [info]: Dados salvos em articles.csv
2024-06-07 13:26:18 [info]: Buscando artigos para a consulta: machine learning
2024-06-07 13:26:26 [info]: Buscando artigos para a consulta: deep learning
2024-06-07 13:26:34 [info]: Buscando artigos para a consulta: artificial intelligence
2024-06-07 13:26:42 [info]: Dados salvos em articles.json
2024-06-07 13:26:42 [info]: Dados salvos em articles.csv
2024-06-07 13:27:51 [info]: Buscando artigos para a consulta: artificial
2024-06-07 13:27:59 [info]: Dados salvos em articles.json
2024-06-07 13:27:59 [info]: Dados salvos em articles.csv
2024-06-09 21:59:51 [info]: Buscando artigos para a consulta: elton
2024-06-09 21:59:51 [error]: Erro ao buscar a página: Could not find Chrome (ver. 125.0.6422.78). This can occur if either
 1. you did not perform an installation before running the script (e.g. `npx puppeteer browsers install chrome`) or
 2. your cache path is incorrectly configured (which is: C:\Users\Helton Santos\.cache\puppeteer).
For (2), check out our guide on configuring puppeteer at https://pptr.dev/guides/configuration.
2024-06-09 21:59:51 [error]: Erro ao processar a página 0: Could not find Chrome (ver. 125.0.6422.78). This can occur if either
 1. you did not perform an installation before running the script (e.g. `npx puppeteer browsers install chrome`) or
 2. your cache path is incorrectly configured (which is: C:\Users\Helton Santos\.cache\puppeteer).
For (2), check out our guide on configuring puppeteer at https://pptr.dev/guides/configuration.
2024-06-09 21:59:51 [info]: Dados salvos em articles.json
2024-06-09 21:59:51 [info]: Dados salvos em articles.csv
2024-06-09 22:01:33 [info]: Buscando artigos para a consulta: livro de eli
2024-06-09 22:01:34 [error]: Erro ao buscar a página: Could not find Chrome (ver. 125.0.6422.78). This can occur if either
 1. you did not perform an installation before running the script (e.g. `npx puppeteer browsers install chrome`) or
 2. your cache path is incorrectly configured (which is: C:\Users\Helton Santos\.cache\puppeteer).
For (2), check out our guide on configuring puppeteer at https://pptr.dev/guides/configuration.
2024-06-09 22:01:34 [error]: Erro ao processar a página 0: Could not find Chrome (ver. 125.0.6422.78). This can occur if either
 1. you did not perform an installation before running the script (e.g. `npx puppeteer browsers install chrome`) or
 2. your cache path is incorrectly configured (which is: C:\Users\Helton Santos\.cache\puppeteer).
For (2), check out our guide on configuring puppeteer at https://pptr.dev/guides/configuration.
2024-06-09 22:01:34 [info]: Dados salvos em articles.json
2024-06-09 22:01:34 [info]: Dados salvos em articles.csv
2024-06-09 22:02:21 [info]: Buscando artigos para a consulta: Inteligence
2024-06-09 22:02:21 [error]: Erro ao buscar a página: Could not find Chrome (ver. 125.0.6422.78). This can occur if either
 1. you did not perform an installation before running the script (e.g. `npx puppeteer browsers install chrome`) or
 2. your cache path is incorrectly configured (which is: C:\Users\Helton Santos\.cache\puppeteer).
For (2), check out our guide on configuring puppeteer at https://pptr.dev/guides/configuration.
2024-06-09 22:02:21 [error]: Erro ao processar a página 0: Could not find Chrome (ver. 125.0.6422.78). This can occur if either
 1. you did not perform an installation before running the script (e.g. `npx puppeteer browsers install chrome`) or
 2. your cache path is incorrectly configured (which is: C:\Users\Helton Santos\.cache\puppeteer).
For (2), check out our guide on configuring puppeteer at https://pptr.dev/guides/configuration.
2024-06-09 22:02:21 [info]: Dados salvos em articles.json
2024-06-09 22:02:21 [info]: Dados salvos em articles.csv
2024-06-09 22:05:13 [info]: Buscando artigos para a consulta: elton
2024-06-09 22:05:13 [error]: Erro ao buscar a página: Could not find Chrome (ver. 125.0.6422.78). This can occur if either
 1. you did not perform an installation before running the script (e.g. `npx puppeteer browsers install chrome`) or
 2. your cache path is incorrectly configured (which is: C:\Users\Helton Santos\.cache\puppeteer).
For (2), check out our guide on configuring puppeteer at https://pptr.dev/guides/configuration.
2024-06-09 22:05:13 [error]: Erro ao processar a página 0: Could not find Chrome (ver. 125.0.6422.78). This can occur if either
 1. you did not perform an installation before running the script (e.g. `npx puppeteer browsers install chrome`) or
 2. your cache path is incorrectly configured (which is: C:\Users\Helton Santos\.cache\puppeteer).
For (2), check out our guide on configuring puppeteer at https://pptr.dev/guides/configuration.
2024-06-09 22:05:14 [info]: Dados salvos em articles.json
2024-06-09 22:05:14 [info]: Dados salvos em articles.csv
2024-06-09 22:09:31 [info]: Buscando artigos para a consulta: Elton
2024-06-09 22:09:32 [error]: Erro ao buscar a página: Could not find Chrome (ver. 125.0.6422.78). This can occur if either
 1. you did not perform an installation before running the script (e.g. `npx puppeteer browsers install chrome`) or
 2. your cache path is incorrectly configured (which is: C:\Users\Helton Santos\.cache\puppeteer).
For (2), check out our guide on configuring puppeteer at https://pptr.dev/guides/configuration.
2024-06-09 22:09:32 [error]: Erro ao processar a página 0: Could not find Chrome (ver. 125.0.6422.78). This can occur if either
 1. you did not perform an installation before running the script (e.g. `npx puppeteer browsers install chrome`) or
 2. your cache path is incorrectly configured (which is: C:\Users\Helton Santos\.cache\puppeteer).
For (2), check out our guide on configuring puppeteer at https://pptr.dev/guides/configuration.
2024-06-09 22:09:32 [info]: Dados salvos em articles.json
2024-06-09 22:09:32 [info]: Dados salvos em articles.csv
2024-06-09 22:14:53 [info]: Buscando artigos para a consulta: manager
2024-06-09 22:15:29 [info]: Dados salvos em articles.json
2024-06-09 22:15:29 [info]: Dados salvos em articles.csv
2024-06-09 22:16:57 [info]: Buscando artigos para a consulta: Elton
2024-06-09 22:17:12 [info]: Dados salvos em articles.json
2024-06-09 22:17:12 [info]: Dados salvos em articles.csv
2024-06-09 22:34:05 [info]: Buscando artigos para a consulta: Elton
2024-06-09 22:34:18 [info]: Dados salvos em articles.json
2024-06-09 22:34:18 [info]: Dados salvos em articles.csv
2024-06-09 22:42:11 [info]: Buscando artigos para a consulta: Elton
2024-06-09 22:42:24 [info]: Dados salvos em articles.json
2024-06-09 22:42:24 [info]: Dados salvos em articles.csv
2024-06-09 22:42:24 [info]: Relatório detalhado gerado em report.json
2024-06-09 23:01:45 [info]: Buscando artigos para a consulta: machine learning
2024-06-09 23:01:58 [info]: Buscando artigos para a consulta:  deep learning
2024-06-09 23:02:12 [info]: Dados salvos em articles.csv
2024-06-09 23:02:12 [info]: Relatório detalhado gerado em report.json
2024-06-09 23:03:14 [info]: Buscando artigos para a consulta: machine learning
2024-06-09 23:03:28 [info]: Buscando artigos para a consulta:  deep learning
2024-06-09 23:03:56 [info]: Dados salvos em articles.csv
2024-06-09 23:03:56 [info]: Relatório detalhado gerado em report.json
2024-06-10 00:16:32 [info]: Buscando artigos para a consulta: machine learning
2024-06-10 00:16:52 [info]: Buscando artigos para a consulta:  deep learning
2024-06-10 00:17:05 [info]: Dados salvos em articles.xlsx
2024-06-10 00:17:05 [info]: Relatório detalhado gerado em report.json
2024-06-10 00:29:33 [info]: Buscando artigos para a consulta: machine learning
2024-06-10 00:30:10 [info]: Buscando artigos para a consulta:  deep learning
2024-06-10 00:30:24 [info]: Dados salvos em articles.xlsx
2024-06-10 00:30:24 [info]: Relatório detalhado gerado em report.json
2024-06-10 00:47:12 [info]: Buscando artigos para a consulta: machine learning
2024-06-10 00:47:31 [info]: Buscando artigos para a consulta:  deep learning
2024-06-10 00:47:42 [info]: Dados salvos em articles.xlsx
2024-06-10 00:47:42 [info]: Relatório detalhado gerado em report.json
2024-06-10 09:46:07 [info]: Buscando artigos para a consulta: machine learning
2024-06-10 09:46:22 [info]: Buscando artigos para a consulta:  deep learning
2024-06-10 09:46:34 [info]: Dados salvos em articles.xlsx
2024-06-10 09:46:34 [info]: Relatório detalhado gerado em report.json
2024-06-10 10:15:19 [info]: Buscando artigos para a consulta: Elton
2024-06-10 10:15:34 [info]: Dados salvos em articles.pdf
2024-06-10 10:15:34 [info]: Relatório detalhado gerado em report.json
